#
# There is insufficient memory for the Java Runtime Environment to continue.
# Native memory allocation (mmap) failed to map 268435456 bytes for Failed to commit area from 0x0000000701c00000 to 0x0000000711c00000 of length 268435456.
# Possible reasons:
#   The system is out of physical RAM or swap space
#   The process is running with CompressedOops enabled, and the Java Heap may be blocking the growth of the native heap
# Possible solutions:
#   Reduce memory load on the system
#   Increase physical memory or swap space
#   Check if swap backing store is full
#   Decrease Java heap size (-Xmx/-Xms)
#   Decrease number of Java threads
#   Decrease Java thread stack sizes (-Xss)
#   Set larger code cache with -XX:ReservedCodeCacheSize=
# This output file may be truncated or incomplete.
#
#  Out of Memory Error (c:/BuildAgent/work/5ff2f6c26000d570/src/hotspot/os/windows/os_windows.cpp:3291), pid=2380, tid=11432
#
# JRE version:  (11.0.5+10) (build )
# Java VM: OpenJDK 64-Bit Server VM (11.0.5+10-b520.38, mixed mode, aot, sharing, tiered, compressed oops, g1 gc, windows-amd64)
# No core dump will be written. Minidumps are not enabled by default on client versions of Windows
#

---------------  S U M M A R Y ------------

Command Line: org.jetbrains.git4idea.http.GitAskPassApp Username for 'https://github.com': 

Host: Intel(R) Core(TM) i7-7700HQ CPU @ 2.80GHz, 8 cores, 15G,  Windows 10 , 64 bit Build 17134 (10.0.17134.1425)
Time: Wed Jun 10 13:59:15 2020 ?D1¨²¡À¨º¡Á?¨º¡À?? elapsed time: 0 seconds (0d 0h 0m 0s)

---------------  T H R E A D  ---------------

Current thread (0x000001dd234bf800):  JavaThread "Unknown thread" [_thread_in_vm, id=11432, stack(0x00000084ef000000,0x00000084ef100000)]

Stack: [0x00000084ef000000,0x00000084ef100000]
Native frames: (J=compiled Java code, j=interpreted, Vv=VM code, C=native code)
V  [jvm.dll+0x5dcafa]
V  [jvm.dll+0x70e375]
V  [jvm.dll+0x70f898]
V  [jvm.dll+0x70ff63]
V  [jvm.dll+0x23e238]
V  [jvm.dll+0x5da1c4]
V  [jvm.dll+0x5cf265]
V  [jvm.dll+0x2fac3b]
V  [jvm.dll+0x2fabaa]
V  [jvm.dll+0x2faa82]
V  [jvm.dll+0x2ff956]
V  [jvm.dll+0x3480d3]
V  [jvm.dll+0x3487d6]
V  [jvm.dll+0x3481d3]
V  [jvm.dll+0x2d5548]
V  [jvm.dll+0x2d66e7]
V  [jvm.dll+0x6ed237]
V  [jvm.dll+0x6eea2c]
V  [jvm.dll+0x355849]
V  [jvm.dll+0x6d239e]
V  [jvm.dll+0x3be283]
V  [jvm.dll+0x3c0701]
C  [jli.dll+0x5363]
C  [ucrtbase.dll+0x1e3fe]
C  [KERNEL32.DLL+0x14034]
C  [ntdll.dll+0x73691]


---------------  P R O C E S S  ---------------

Threads class SMR info:
_java_thread_list=0x000001dd213b7980, length=0, elements={
}

Java Threads: ( => current thread )

Other Threads:
  0x000001dd234d7800 GCTaskThread "GC Thread#0" [stack: 0x00000084ef100000,0x00000084ef200000] [id=15560]
  0x000001dd23537800 ConcurrentGCThread "G1 Main Marker" [stack: 0x00000084ef200000,0x00000084ef300000] [id=19768]
  0x000001dd23539800 ConcurrentGCThread "G1 Conc#0" [stack: 0x00000084ef300000,0x00000084ef400000] [id=18564]

[error occurred during error reporting (printing all threads), id 0xc0000005, EXCEPTION_ACCESS_VIOLATION (0xc0000005) at pc=0x00007ffc77d85c17]

VM state:not at safepoint (not fully initialized)

VM Mutex/Monitor currently owned by a thread:  ([mutex/lock_event])
[0x000001dd234b9e00] Heap_lock - owner thread: 0x000001dd234bf800

Heap address: 0x0000000701c00000, size: 4068 MB, Compressed Oops mode: Non-zero based: 0x0000000701c00000
Narrow klass base: 0x0000000000000000, Narrow klass shift: 0

GC Heap History (0 events):
No events

Deoptimization events (0 events):
No events

Classes redefined (0 events):
No events

Internal exceptions (0 events):
No events

Events (0 events):
No events


Dynamic libraries:
0x00007ff6471f0000 - 0x00007ff6471fa000 	C:\Program Files\JetBrains\PyCharm 2019.3.3\jbr\bin\java.exe
0x00007ffcccd20000 - 0x00007ffcccf01000 	C:\WINDOWS\SYSTEM32\ntdll.dll
0x00007ffccb8e0000 - 0x00007ffccb991000 	C:\WINDOWS\System32\KERNEL32.DLL
0x00007ffcc90d0000 - 0x00007ffcc9343000 	C:\WINDOWS\System32\KERNELBASE.dll
0x00007ffcca000000 - 0x00007ffcca0f8000 	C:\WINDOWS\System32\ucrtbase.dll
0x00007ffcc5550000 - 0x00007ffcc5569000 	C:\Program Files\JetBrains\PyCharm 2019.3.3\jbr\bin\jli.dll
0x00007ffcc54f0000 - 0x00007ffcc5507000 	C:\Program Files\JetBrains\PyCharm 2019.3.3\jbr\bin\VCRUNTIME140.dll
0x00007ffccc380000 - 0x00007ffccc510000 	C:\WINDOWS\System32\USER32.dll
0x00007ffcc9760000 - 0x00007ffcc9780000 	C:\WINDOWS\System32\win32u.dll
0x00007ffccc120000 - 0x00007ffccc148000 	C:\WINDOWS\System32\GDI32.dll
0x00007ffcb8810000 - 0x00007ffcb8a79000 	C:\WINDOWS\WinSxS\amd64_microsoft.windows.common-controls_6595b64144ccf1df_6.0.17134.1488_none_d4038d277c8d0b7d\COMCTL32.dll
0x00007ffcc9540000 - 0x00007ffcc96d1000 	C:\WINDOWS\System32\gdi32full.dll
0x00007ffcccb00000 - 0x00007ffcccb9e000 	C:\WINDOWS\System32\msvcrt.dll
0x00007ffcca100000 - 0x00007ffcca19f000 	C:\WINDOWS\System32\msvcp_win.dll
0x00007ffccc7d0000 - 0x00007ffcccaf1000 	C:\WINDOWS\System32\combase.dll
0x00007ffccc580000 - 0x00007ffccc6a4000 	C:\WINDOWS\System32\RPCRT4.dll
0x00007ffcc96e0000 - 0x00007ffcc9759000 	C:\WINDOWS\System32\bcryptPrimitives.dll
0x00007ffccc7a0000 - 0x00007ffccc7cd000 	C:\WINDOWS\System32\IMM32.DLL
0x00007ffcb7d70000 - 0x00007ffcb7e0d000 	C:\Program Files\JetBrains\PyCharm 2019.3.3\jbr\bin\msvcp140.dll
0x00007ffc77aa0000 - 0x00007ffc7855b000 	C:\Program Files\JetBrains\PyCharm 2019.3.3\jbr\bin\server\jvm.dll
0x00007ffccb820000 - 0x00007ffccb8c1000 	C:\WINDOWS\System32\ADVAPI32.dll
0x00007ffccc740000 - 0x00007ffccc79b000 	C:\WINDOWS\System32\sechost.dll
0x00007ffccbe50000 - 0x00007ffccbe58000 	C:\WINDOWS\System32\PSAPI.DLL
0x00007ffc9c040000 - 0x00007ffc9c049000 	C:\WINDOWS\SYSTEM32\WSOCK32.dll
0x00007ffcc5870000 - 0x00007ffcc5893000 	C:\WINDOWS\SYSTEM32\WINMM.dll
0x00007ffcbee50000 - 0x00007ffcbee5a000 	C:\WINDOWS\SYSTEM32\VERSION.dll
0x00007ffccc510000 - 0x00007ffccc57c000 	C:\WINDOWS\System32\WS2_32.dll
0x00007ffcc5840000 - 0x00007ffcc586a000 	C:\WINDOWS\SYSTEM32\winmmbase.dll
0x00007ffcc9780000 - 0x00007ffcc97c9000 	C:\WINDOWS\System32\cfgmgr32.dll
0x00007ffcc9060000 - 0x00007ffcc9071000 	C:\WINDOWS\System32\kernel.appcore.dll
0x00007ffcc5530000 - 0x00007ffcc5541000 	C:\Program Files\JetBrains\PyCharm 2019.3.3\jbr\bin\verify.dll
0x00007ffcc7a00000 - 0x00007ffcc7bc9000 	C:\WINDOWS\SYSTEM32\DBGHELP.DLL
0x00007ffcbf6f0000 - 0x00007ffcbf719000 	C:\WINDOWS\SYSTEM32\dbgcore.DLL
0x00007ffcc2e50000 - 0x00007ffcc2e79000 	C:\Program Files\JetBrains\PyCharm 2019.3.3\jbr\bin\java.dll
0x00007ffcc54d0000 - 0x00007ffcc54e7000 	C:\Program Files\JetBrains\PyCharm 2019.3.3\jbr\bin\zip.dll
0x00007ffcc54a0000 - 0x00007ffcc54ab000 	C:\Program Files\JetBrains\PyCharm 2019.3.3\jbr\bin\jimage.dll

dbghelp: loaded successfully - version: 4.0.5 - missing functions: none
symbol engine: initialized successfully - sym options: 0x614 - pdb path: .;C:\Program Files\JetBrains\PyCharm 2019.3.3\jbr\bin;C:\WINDOWS\SYSTEM32;C:\WINDOWS\WinSxS\amd64_microsoft.windows.common-controls_6595b64144ccf1df_6.0.17134.1488_none_d4038d277c8d0b7d;C:\Program Files\JetBrains\PyCharm 2019.3.3\jbr\bin\server

VM Arguments:
java_command: org.jetbrains.git4idea.http.GitAskPassApp Username for 'https://github.com': 
java_class_path (initial): C:/Program Files/JetBrains/PyCharm 2019.3.3/plugins/git4idea/lib/git4idea-rt.jar;C:/Program Files/JetBrains/PyCharm 2019.3.3/lib/xmlrpc-2.0.1.jar;C:/Program Files/JetBrains/PyCharm 2019.3.3/lib/commons-codec-1.13.jar;C:/Program Files/JetBrains/PyCharm 2019.3.3/lib/util.jar
Launcher Type: SUN_STANDARD

[Global flags]
     intx CICompilerCount                          = 4                                         {product} {ergonomic}
     uint ConcGCThreads                            = 2                                         {product} {ergonomic}
     uint G1ConcRefinementThreads                  = 8                                         {product} {ergonomic}
   size_t G1HeapRegionSize                         = 1048576                                   {product} {ergonomic}
    uintx GCDrainStackTargetSize                   = 64                                        {product} {ergonomic}
   size_t InitialHeapSize                          = 268435456                                 {product} {ergonomic}
   size_t MarkStackSize                            = 4194304                                   {product} {ergonomic}
   size_t MaxHeapSize                              = 4265607168                                {product} {ergonomic}
   size_t MinHeapDeltaBytes                        = 1048576                                   {product} {ergonomic}
    uintx NonNMethodCodeHeapSize                   = 5836300                                {pd product} {ergonomic}
    uintx NonProfiledCodeHeapSize                  = 122910970                              {pd product} {ergonomic}
    uintx ProfiledCodeHeapSize                     = 122910970                              {pd product} {ergonomic}
    uintx ReservedCodeCacheSize                    = 251658240                              {pd product} {ergonomic}
     bool SegmentedCodeCache                       = true                                      {product} {ergonomic}
     bool UseCompressedClassPointers               = true                                 {lp64_product} {ergonomic}
     bool UseCompressedOops                        = true                                 {lp64_product} {ergonomic}
     bool UseG1GC                                  = true                                      {product} {ergonomic}
     bool UseLargePagesIndividualAllocation        = false                                  {pd product} {ergonomic}

Logging:
Log output configuration:
 #0: stdout all=warning uptime,level,tags
 #1: stderr all=off uptime,level,tags

Environment Variables:
PATH=C:/Program Files/Git/mingw64/libexec/git-core;C:/Program Files/Git/mingw64/libexec/git-core;C:\Program Files\Git\mingw64\bin;C:\Program Files\Git\usr\bin;C:\Users\weiyl\bin;C:\Program Files\Common Files\Siemens\Automation\Simatic OAM\bin;C:\Program Files\Microsoft MPI\Bin\;C:\Program Files (x86)\Common Files\Intel\Shared Libraries\redist\intel64\compiler;C:\Program Files (x86)\Intel\Intel(R) Management Engine Components\iCLS\;C:\Program Files\Intel\Intel(R) Management Engine Components\iCLS\;C:\Windows\system32;C:\Windows;C:\Windows\System32\Wbem;C:\Windows\System32\WindowsPowerShell\v1.0\;C:\Program Files (x86)\Intel\Intel(R) Management Engine Components\DAL;C:\Program Files\Intel\Intel(R) Management Engine Components\DAL;C:\Program Files (x86)\Intel\Intel(R) Management Engine Components\IPT;C:\Program Files\Intel\Intel(R) Management Engine Components\IPT;C:\Program Files (x86)\IVI Foundation\VISA\WinNT\Bin\;C:\Program Files\IVI Foundation\VISA\Win64\Bin\;C:\Program Files (x86)\Microsoft SQL Server\80\Tools\Binn\;C:\Program Files (x86)\IVI Foundation\VISA\WinNT\Bin;C:\Program Files (x86)\Microsoft SQL Server\100\Tools\Binn\;C:\Program Files (x86)\Microsoft SQL Server\100\DTS\Binn\;C:\Program Files\dotnet\;C:\Program Files\Microsoft SQL Server\130\Tools\Binn\;C:\WINDOWS\system32;C:\WINDOWS;C:\WINDOWS\System32\Wbem;C:\WINDOWS\System32\WindowsPowerShell\v1.0\;C:\WINDOWS\System32\OpenSSH\;C:\Program Files\Microsoft SQL Server\100\Tools\Binn\;C:\Program Files\Microsoft SQL Server\100\DTS\Binn\;C:\Program Files (x86)\Microsoft SQL Server\100\Tools\Binn\VSShell\Common7\IDE\;C:\Program Files (x86)\Microsoft Visual Studio 9.0\Common7\IDE\PrivateAssemblies\;C:\Program Files (x86)\Vim\vim81;C:\Program Files (x86)\NVIDIA Corporation\PhysX\Common;C:\Program Files\Intel\WiFi\bin\;C:\Program Files\Common Files\Intel\WirelessCommon\;C:\Program Files\Git\cmd;C:\Program Files (x86)\Tesseract-OCR;C:\Users\weiyl\AppData\Local\Programs\Python\Python38-32\Scripts\;C:\Users\weiyl\AppDa
USERNAME=weiyl
DISPLAY=:0.0
OS=Windows_NT
PROCESSOR_IDENTIFIER=Intel64 Family 6 Model 158 Stepping 9, GenuineIntel



---------------  S Y S T E M  ---------------

OS: Windows 10 , 64 bit Build 17134 (10.0.17134.1425)

CPU:total 8 (initial active 8) (4 cores per cpu, 2 threads per core) family 6 model 158 stepping 9, cmov, cx8, fxsr, mmx, sse, sse2, sse3, ssse3, sse4.1, sse4.2, popcnt, avx, avx2, aes, clmul, erms, 3dnowpref, lzcnt, ht, tsc, tscinvbit, bmi1, bmi2, adx, fma

Memory: 4k page, system-wide physical 16269M (10901M free)
TotalPageFile size 20365M (AvailPageFile size 9M)
current process WorkingSet (physical memory assigned to process): 10M, peak: 10M
current process commit charge ("private bytes"): 60M, peak: 316M

vm_info: OpenJDK 64-Bit Server VM (11.0.5+10-b520.38) for windows-amd64 JRE (11.0.5+10-b520.38), built on Jan 23 2020 07:58:32 by "" with MS VC++ 14.0 (VS2015)

END.
